build/app/outputs/mapping/release/seeds.txt
com.jawdaacademy.elgawda.MainActivity
com.jawdaacademy.elgawda.MainActivity: MainActivity()
...
com.google.firebase.auth.FirebaseAuth: com.google.firebase.auth.FirebaseAuth getInstance()
androidx.window.core.Bounds: int getWidth()
androidx.appcompat.widget.ActionMenuView: void setPopupTheme(int)
androidx.core.graphics.drawable.IconCompatParcelizer: void write(androidx.core.graphics.drawable.IconCompat,androidx.versionedparcelable.VersionedParcel)
androidx.appcompat.widget.SearchView: void setQueryRefinementEnabled(boolean)
com.dexterous.flutterlocalnotifications.FlutterLocalNotificationsPlugin: boolean launchedActivityFromHistory(android.content.Intent)
com.dexterous.flutterlocalnotifications.NotificationStyle: com.dexterous.flutterlocalnotifications.NotificationStyle Messaging
androidx.core.view.ViewCompat$Api21Impl: void setNestedScrollingEnabled(android.view.View,boolean)
io.flutter.embedding.engine.FlutterJNI: void nativeSurfaceWindowChanged(long,android.view.Surface)
com.google.android.gms.internal.auth.zzhi: com.google.android.gms.internal.auth.zzeu zzd
com.dexterous.flutterlocalnotifications.FlutterLocalNotificationsPlugin: java.lang.String SHOW_DAILY_AT_TIME_METHOD
io.flutter.embedding.engine.FlutterJNI: void nativeSetViewportMetrics(long,float,int,int,int,int,int,int,int,int,int,int,int,int,int,int,int,int[],int[],int[])
com.dexterous.flutterlocalnotifications.models.NotificationDetails: java.lang.String USES_CHRONOMETER
com.google.firebase.messaging.FirebaseMessagingRegistrar
androidx.window.layout.SidecarCompat$DistinctSidecarElementCallback: androidx.window.layout.SidecarAdapter sidecarAdapter
android.support.v4.media.MediaBrowserCompat$ItemReceiver
com.yalantis.ucrop.view.TransformImageView: void setImageBitmap(android.graphics.Bitmap)
com.google.android.gms.internal.firebase-auth-api.zzla: com.google.android.gms.internal.firebase-auth-api.zzld zzf
com.google.android.exoplayer2.mediacodec.MediaCodecRenderer$Api31: void setLogSessionIdToMediaCodecFormat(com.google.android.exoplayer2.mediacodec.MediaCodecAdapter$Configuration,com.google.android.exoplayer2.analytics.PlayerId)
com.google.gson.LongSerializationPolicy: com.google.gson.LongSerializationPolicy[] values()
com.dexterous.flutterlocalnotifications.models.DateTimeComponents: com.dexterous.flutterlocalnotifications.models.DateTimeComponents DayOfMonthAndTime
androidx.window.layout.WindowInfoTrackerDecorator
androidx.appcompat.widget.ActionBarOverlayLayout: void setIcon(int)
androidx.appcompat.widget.SearchView$SavedState: android.os.Parcelable$Creator CREATOR
com.google.android.gms.internal.firebase-auth-api.zzzi
com.dexterous.flutterlocalnotifications.models.NotificationChannelDetails: java.lang.String VIBRATION_PATTERN
com.google.android.gms.internal.firebase-auth-api.zzjw
com.dexterous.flutterlocalnotifications.models.NotificationDetails: java.lang.String payload
androidx.core.view.ViewCompat$Api18Impl: boolean isInLayout(android.view.View)
io.flutter.embedding.engine.renderer.SurfaceTextureWrapper: android.graphics.SurfaceTexture surfaceTexture()
com.google.gson.stream.JsonToken: com.google.gson.stream.JsonToken[] values()
androidx.window.layout.SidecarWindowBackend: void getWindowLayoutChangeCallbacks$annotations()
androidx.appcompat.widget.AppCompatEditText: void setSupportBackgroundTintList(android.content.res.ColorStateList)
com.google.android.gms.internal.firebase-auth-api.zzli: java.lang.String zze
org.threeten.bp.OffsetDateTime: java.lang.Object readResolve()
org.chromium.support_lib_boundary.WebSettingsBoundaryInterface: boolean getSafeBrowsingEnabled()
androidx.media.AudioAttributesImpl
com.google.android.exoplayer2.drm.DrmUtil$Api21: boolean isMediaDrmStateException(java.lang.Throwable)
androidx.window.embedding.SplitRuleParser: java.util.Set parseSplitRules$window_release(android.content.Context,int)
androidx.fragment.app.FragmentManager$LaunchedFragmentInfo: android.os.Parcelable$Creator CREATOR
org.threeten.bp.LocalDate: java.lang.Object writeReplace()