build/app/outputs/mapping/release/mapping.txt
# compiler: R8
# compiler_version: 2.1.62
# min_api: 19
# pg_map_id: 8033119
# common_typos_disable
...
io.flutter.embedding.android.FlutterSplashView$3 -> io.flutter.embedding.android.FlutterSplashView$c:
    io.flutter.embedding.android.FlutterSplashView this$0 -> h
io.flutter.embedding.android.FlutterSplashView$SavedState$1 -> io.flutter.embedding.android.FlutterSplashView$SavedState$a:
    io.flutter.embedding.android.FlutterSplashView$SavedState createFromParcel(android.os.Parcel) -> a
    io.flutter.embedding.android.FlutterSplashView$SavedState[] newArray(int) -> b
io.flutter.embedding.android.FlutterSurfaceView -> io.flutter.embedding.android.i:
    android.view.SurfaceHolder$Callback surfaceCallback -> m
    io.flutter.embedding.engine.renderer.FlutterUiDisplayListener flutterUiDisplayListener -> n
    boolean isSurfaceAvailableForRendering -> i
    boolean isPaused -> j
    boolean isAttachedToFlutterRenderer -> k
    boolean renderTransparently -> h
    io.flutter.embedding.engine.renderer.FlutterRenderer flutterRenderer -> l
    void detachFromRenderer() -> a
    void pause() -> b
    void attachToRenderer(io.flutter.embedding.engine.renderer.FlutterRenderer) -> c
    boolean access$002(io.flutter.embedding.android.FlutterSurfaceView,boolean) -> d
    boolean access$100(io.flutter.embedding.android.FlutterSurfaceView) -> e
    void access$200(io.flutter.embedding.android.FlutterSurfaceView) -> f
    void access$300(io.flutter.embedding.android.FlutterSurfaceView,int,int) -> g
    void access$400(io.flutter.embedding.android.FlutterSurfaceView) -> h
    io.flutter.embedding.engine.renderer.FlutterRenderer access$500(io.flutter.embedding.android.FlutterSurfaceView) -> i
    void changeSurfaceSize(int,int) -> j
    void connectSurfaceToRenderer() -> k
    void disconnectSurfaceFromRenderer() -> l
    void init() -> m
io.flutter.embedding.android.FlutterSurfaceView$1 -> io.flutter.embedding.android.i$a:
    io.flutter.embedding.android.FlutterSurfaceView this$0 -> h
io.flutter.embedding.android.FlutterSurfaceView$2 -> io.flutter.embedding.android.i$b:
    io.flutter.embedding.android.FlutterSurfaceView this$0 -> a
    void onFlutterUiNoLongerDisplayed() -> c
    void onFlutterUiDisplayed() -> f
io.flutter.embedding.android.FlutterTextureView -> io.flutter.embedding.android.j:
    android.view.Surface renderSurface -> l
    boolean isAttachedToFlutterRenderer -> i
    boolean isPaused -> j
    boolean isSurfaceAvailableForRendering -> h
    io.flutter.embedding.engine.renderer.FlutterRenderer flutterRenderer -> k
    android.view.TextureView$SurfaceTextureListener surfaceTextureListener -> m
    void detachFromRenderer() -> a
    void pause() -> b
    void attachToRenderer(io.flutter.embedding.engine.renderer.FlutterRenderer) -> c
    boolean access$002(io.flutter.embedding.android.FlutterTextureView,boolean) -> d
    boolean access$100(io.flutter.embedding.android.FlutterTextureView) -> e
    void access$200(io.flutter.embedding.android.FlutterTextureView) -> f
    void access$300(io.flutter.embedding.android.FlutterTextureView,int,int) -> g
    void access$400(io.flutter.embedding.android.FlutterTextureView) -> h
    android.view.Surface access$500(io.flutter.embedding.android.FlutterTextureView) -> i
    android.view.Surface access$502(io.flutter.embedding.android.FlutterTextureView,android.view.Surface) -> j
    void changeSurfaceSize(int,int) -> k
    void connectSurfaceToRenderer() -> l
    void disconnectSurfaceFromRenderer() -> m
    void init() -> n
io.flutter.embedding.android.FlutterTextureView$1 -> io.flutter.embedding.android.j$a:
    io.flutter.embedding.android.FlutterTextureView this$0 -> h