build/app/outputs/mapping/release/usage.txt
com.jawdaacademy.elgawda.BuildConfig
com.jawdaacademy.elgawda.R$anim
com.jawdaacademy.elgawda.R$layout
com.jawdaacademy.elgawda.R$raw
com.jawdaacademy.elgawda.R$id
com.jawdaacademy.elgawda.R$style
com.jawdaacademy.elgawda.R
com.jawdaacademy.elgawda.R$drawable
com.jawdaacademy.elgawda.R$xml
com.jawdaacademy.elgawda.R$color
com.jawdaacademy.elgawda.R$integer
com.jawdaacademy.elgawda.R$menu
com.jawdaacademy.elgawda.R$dimen
com.jawdaacademy.elgawda.R$animator
com.jawdaacademy.elgawda.R$string
com.jawdaacademy.elgawda.R$mipmap
com.jawdaacademy.elgawda.R$styleable
com.jawdaacademy.elgawda.R$attr
com.jawdaacademy.elgawda.R$bool
com.jawdaacademy.elgawda.R$interpolator
...
com.google.android.exoplayer2.extractor.ts.PsExtractor:
    public static final com.google.android.exoplayer2.extractor.ExtractorsFactory FACTORY
com.google.android.exoplayer2.extractor.VorbisUtil$CodeBook:
    public final int dimensions
    public final int entries
    public final long[] lengthMap
    public final int lookupType
    public final boolean isOrdered
com.google.android.datatransport.runtime.firebase.transport.LogEventDropped:
    private static final com.google.android.datatransport.runtime.firebase.transport.LogEventDropped DEFAULT_INSTANCE
com.google.android.datatransport.runtime.firebase.transport.GlobalMetrics:
    private static final com.google.android.datatransport.runtime.firebase.transport.GlobalMetrics DEFAULT_INSTANCE
com.google.android.datatransport.runtime.dagger.internal.DoubleCheck:
    static final synthetic boolean $assertionsDisabled
com.google.android.gms.internal.firebase-auth-api.zzia:
    private static final com.google.android.gms.internal.firebase-auth-api.zzzo zza
com.facebook.FacebookAuthorizationException$Companion
com.google.android.exoplayer2.mediacodec.MediaCodecInfo:
    public final boolean tunneling
    public final boolean softwareOnly
    public final boolean vendor
okhttp3.internal.platform.AndroidPlatform:
    private final java.lang.Class sslParametersClass
androidx.lifecycle.DefaultLifecycleObserver:
    public abstract void onCreate(androidx.lifecycle.LifecycleOwner)
    public abstract void onStart(androidx.lifecycle.LifecycleOwner)
    public abstract void onResume(androidx.lifecycle.LifecycleOwner)
    public abstract void onPause(androidx.lifecycle.LifecycleOwner)
    public abstract void onStop(androidx.lifecycle.LifecycleOwner)
    public abstract void onDestroy(androidx.lifecycle.LifecycleOwner)
com.facebook.appevents.internal.AppEventUtility:
    public static final com.facebook.appevents.internal.AppEventUtility INSTANCE
okhttp3.internal.cache.CacheInterceptor$1:
    final synthetic okhttp3.internal.cache.CacheInterceptor this$0
kotlin.KotlinNothingValueException
com.google.android.gms.dynamite.zzk
androidx.transition.FragmentTransitionSupport$6:
    final synthetic android.graphics.Rect val$epicenter
    final synthetic androidx.transition.FragmentTransitionSupport this$0
com.facebook.GraphRequest$ParcelableResourceWithMimeType:
    public static final com.facebook.GraphRequest$ParcelableResourceWithMimeType$Companion Companion
io.flutter.Log:
    private static int logLevel
    public static int ASSERT
    public static int DEBUG
    public static int ERROR
    public static int INFO
    public static int VERBOSE
    public static int WARN
kotlinx.coroutines.JobSupport$addLastAtomic$$inlined$addLastIf$1:
    final synthetic kotlinx.coroutines.internal.LockFreeLinkedListNode $node
com.google.android.gms.internal.auth.zzeb:
    private static final java.util.Comparator zza
    private static final com.google.android.gms.internal.auth.zzea zzd
com.google.android.gms.safetynet.SafeBrowsingData:
    private static final java.lang.String TAG
kotlin.jvm.internal.markers.KMutableMap
com.google.android.exoplayer2.upstream.HttpDataSource$HttpDataSourceException:
    public final com.google.android.exoplayer2.upstream.DataSpec dataSpec
    public final int type
com.google.android.gms.internal.firebase-auth-api.zzwc:
    private static final java.lang.String zza
com.facebook.internal.FetchedAppSettings$Companion
com.google.android.gms.internal.firebase-auth-api.zzyi:
    private static final java.util.Comparator zza
    private static final com.google.android.gms.internal.firebase-auth-api.zzyh zzd
com.google.android.exoplayer2.trackselection.DefaultTrackSelector$Parameters:
    public static final com.google.android.exoplayer2.trackselection.DefaultTrackSelector$Parameters DEFAULT
    public static final com.google.android.exoplayer2.Bundleable$Creator CREATOR
com.facebook.FacebookActivity$Companion